Watching for file changes with StatReloader
Internal Server Error: /auth/login
Traceback (most recent call last):
  File "C:\Users\hossa\AppData\Local\Programs\Python\Python312\Lib\site-packages\django\core\handlers\exception.py", line 55, in inner
    response = get_response(request)
               ^^^^^^^^^^^^^^^^^^^^^
  File "C:\Users\hossa\AppData\Local\Programs\Python\Python312\Lib\site-packages\django\core\handlers\base.py", line 220, in _get_response
    response = response.render()
               ^^^^^^^^^^^^^^^^^
  File "C:\Users\hossa\AppData\Local\Programs\Python\Python312\Lib\site-packages\django\template\response.py", line 114, in render
    self.content = self.rendered_content
                   ^^^^^^^^^^^^^^^^^^^^^
  File "C:\Users\hossa\AppData\Local\Programs\Python\Python312\Lib\site-packages\rest_framework\response.py", line 74, in rendered_content
    ret = renderer.render(self.data, accepted_media_type, context)
          ^^^^^^^^^^^^^^^^^^^^^^^^^^^^^^^^^^^^^^^^^^^^^^^^^^^^^^^^
  File "C:\Users\hossa\AppData\Local\Programs\Python\Python312\Lib\site-packages\rest_framework\renderers.py", line 728, in render
    ret = template.render(context, request=renderer_context['request'])
          ^^^^^^^^^^^^^^^^^^^^^^^^^^^^^^^^^^^^^^^^^^^^^^^^^^^^^^^^^^^^^
  File "C:\Users\hossa\AppData\Local\Programs\Python\Python312\Lib\site-packages\django\template\backends\django.py", line 61, in render
    return self.template.render(context)
           ^^^^^^^^^^^^^^^^^^^^^^^^^^^^^
  File "C:\Users\hossa\AppData\Local\Programs\Python\Python312\Lib\site-packages\django\template\base.py", line 171, in render
    return self._render(context)
           ^^^^^^^^^^^^^^^^^^^^^
  File "C:\Users\hossa\AppData\Local\Programs\Python\Python312\Lib\site-packages\django\template\base.py", line 163, in _render
    return self.nodelist.render(context)
           ^^^^^^^^^^^^^^^^^^^^^^^^^^^^^
  File "C:\Users\hossa\AppData\Local\Programs\Python\Python312\Lib\site-packages\django\template\base.py", line 1000, in render
    return SafeString("".join([node.render_annotated(context) for node in self]))
                               ^^^^^^^^^^^^^^^^^^^^^^^^^^^^^^
  File "C:\Users\hossa\AppData\Local\Programs\Python\Python312\Lib\site-packages\django\template\base.py", line 961, in render_annotated
    return self.render(context)
           ^^^^^^^^^^^^^^^^^^^^
  File "C:\Users\hossa\AppData\Local\Programs\Python\Python312\Lib\site-packages\django\template\loader_tags.py", line 159, in render
    return compiled_parent._render(context)
           ^^^^^^^^^^^^^^^^^^^^^^^^^^^^^^^^
  File "C:\Users\hossa\AppData\Local\Programs\Python\Python312\Lib\site-packages\django\template\base.py", line 163, in _render
    return self.nodelist.render(context)
           ^^^^^^^^^^^^^^^^^^^^^^^^^^^^^
  File "C:\Users\hossa\AppData\Local\Programs\Python\Python312\Lib\site-packages\django\template\base.py", line 1000, in render
    return SafeString("".join([node.render_annotated(context) for node in self]))
                               ^^^^^^^^^^^^^^^^^^^^^^^^^^^^^^
  File "C:\Users\hossa\AppData\Local\Programs\Python\Python312\Lib\site-packages\django\template\base.py", line 961, in render_annotated
    return self.render(context)
           ^^^^^^^^^^^^^^^^^^^^
  File "C:\Users\hossa\AppData\Local\Programs\Python\Python312\Lib\site-packages\django\template\loader_tags.py", line 65, in render
    result = block.nodelist.render(context)
             ^^^^^^^^^^^^^^^^^^^^^^^^^^^^^^
  File "C:\Users\hossa\AppData\Local\Programs\Python\Python312\Lib\site-packages\django\template\base.py", line 1000, in render
    return SafeString("".join([node.render_annotated(context) for node in self]))
                               ^^^^^^^^^^^^^^^^^^^^^^^^^^^^^^
  File "C:\Users\hossa\AppData\Local\Programs\Python\Python312\Lib\site-packages\django\template\base.py", line 961, in render_annotated
    return self.render(context)
           ^^^^^^^^^^^^^^^^^^^^
  File "C:\Users\hossa\AppData\Local\Programs\Python\Python312\Lib\site-packages\django\template\loader_tags.py", line 65, in render
    result = block.nodelist.render(context)
             ^^^^^^^^^^^^^^^^^^^^^^^^^^^^^^
  File "C:\Users\hossa\AppData\Local\Programs\Python\Python312\Lib\site-packages\django\template\base.py", line 1000, in render
    return SafeString("".join([node.render_annotated(context) for node in self]))
                               ^^^^^^^^^^^^^^^^^^^^^^^^^^^^^^
  File "C:\Users\hossa\AppData\Local\Programs\Python\Python312\Lib\site-packages\django\template\base.py", line 961, in render_annotated
    return self.render(context)
           ^^^^^^^^^^^^^^^^^^^^
  File "C:\Users\hossa\AppData\Local\Programs\Python\Python312\Lib\site-packages\django\templatetags\static.py", line 116, in render
    url = self.url(context)
          ^^^^^^^^^^^^^^^^^
  File "C:\Users\hossa\AppData\Local\Programs\Python\Python312\Lib\site-packages\django\templatetags\static.py", line 113, in url
    return self.handle_simple(path)
           ^^^^^^^^^^^^^^^^^^^^^^^^
  File "C:\Users\hossa\AppData\Local\Programs\Python\Python312\Lib\site-packages\django\templatetags\static.py", line 129, in handle_simple
    return staticfiles_storage.url(path)
           ^^^^^^^^^^^^^^^^^^^^^^^^^^^^^
  File "C:\Users\hossa\AppData\Local\Programs\Python\Python312\Lib\site-packages\django\contrib\staticfiles\storage.py", line 203, in url
    return self._url(self.stored_name, name, force)
           ^^^^^^^^^^^^^^^^^^^^^^^^^^^^^^^^^^^^^^^^
  File "C:\Users\hossa\AppData\Local\Programs\Python\Python312\Lib\site-packages\django\contrib\staticfiles\storage.py", line 182, in _url
    hashed_name = hashed_name_func(*args)
                  ^^^^^^^^^^^^^^^^^^^^^^^
  File "C:\Users\hossa\AppData\Local\Programs\Python\Python312\Lib\site-packages\django\contrib\staticfiles\storage.py", line 516, in stored_name
    raise ValueError(
ValueError: Missing staticfiles manifest entry for 'rest_framework/js/jquery-3.7.1.min.js'
"GET /auth/login HTTP/1.1" 500 145
Watching for file changes with StatReloader
Method Not Allowed: /auth/login
"GET /auth/login HTTP/1.1" 405 5786
"GET /static/rest_framework/css/bootstrap.min.f17d4516b026.css HTTP/1.1" 200 19657
"GET /static/rest_framework/css/prettify.a987f72342ee.css HTTP/1.1" 200 390
"GET /static/rest_framework/css/bootstrap-tweaks.ee4ee6acf9eb.css HTTP/1.1" 200 1282
"GET /static/rest_framework/css/default.789dfb5732d7.css HTTP/1.1" 200 612
"GET /static/rest_framework/js/ajax-form.4e1cdcb7acab.js HTTP/1.1" 200 1645
"GET /static/rest_framework/js/load-ajax-form.8cdb3a9f3466.js HTTP/1.1" 200 59
"GET /static/rest_framework/js/csrf.455080a7b2ce.js HTTP/1.1" 200 827
"GET /static/rest_framework/js/jquery-3.7.1.min.2c872dbe60f4.js HTTP/1.1" 200 30336
"GET /static/rest_framework/js/bootstrap.min.2f34b630ffe3.js HTTP/1.1" 200 10896
"GET /static/rest_framework/js/default.5b08897dbdc3.js HTTP/1.1" 200 571
"GET /static/rest_framework/js/prettify-min.709bfcc456c6.js HTTP/1.1" 200 6025
"GET /static/rest_framework/img/grid.a4b938cf382b.png HTTP/1.1" 200 1458
"GET /admin/ HTTP/1.1" 200 8794
"GET /auth/register HTTP/1.1" 200 13056
